Arguments: 
  C:\Program Files\nodejs\node.exe C:\Program Files (x86)\Yarn\bin\yarn.js add solid-js solid-use

PATH: 
  C:\Program Files (x86)\Common Files\Intel\Shared Libraries\redist\intel64\compiler;C:\Program Files\Oculus\Support\oculus-runtime;C:\Program Files\Common Files\Oracle\Java\javapath;C:\Program Files\Microsoft MPI\Bin\;C:\Python38\Scripts\;C:\Python38\;C:\Program Files (x86)\NVIDIA Corporation\PhysX\Common;C:\Program Files (x86)\Razer Chroma SDK\bin;C:\Program Files\Razer Chroma SDK\bin;C:\Program Files (x86)\Razer\ChromaBroadcast\bin;C:\Program Files\Razer\ChromaBroadcast\bin;C:\Windows\system32;C:\Windows;C:\Windows\System32\Wbem;C:\Windows\System32\WindowsPowerShell\v1.0\;C:\Windows\System32\OpenSSH\;C:\Windows\system32\config\systemprofile\AppData\Local\Microsoft\WindowsApps;C:\Program Files (x86)\Brackets\command;C:\WINDOWS\system32;C:\WINDOWS;C:\WINDOWS\System32\Wbem;C:\WINDOWS\System32\WindowsPowerShell\v1.0\;C:\WINDOWS\System32\OpenSSH\;C:\ProgramData\chocolatey\bin;C:\Program Files\dotnet\;C:\Program Files\Microsoft SQL Server\130\Tools\Binn\;C:\Program Files (x86)\PharosSystems\Core;C:\Program Files (x86)\Yarn\bin\;C:\Program Files\Git\cmd;C:\WINDOWS\system32;C:\WINDOWS;C:\WINDOWS\System32\Wbem;C:\WINDOWS\System32\WindowsPowerShell\v1.0\;C:\WINDOWS\System32\OpenSSH\;C:\Users\joe_b\kotlinc\bin;C:\Program Files\Go\bin;C:\Program Files\ISC BIND 9\bin;C:\Program Files\nodejs\;C:\Program Files (x86)\FAHClient;C:\flutter\bin;C:\Users\joe_b\.local\share\solana\install\active_release\bin;C:\Users\joe_b\.cargo\bin;C:\Ruby30-x64\bin;C:\Users\joe_b\AppData\Local\Microsoft\WindowsApps;C:\Youtube;C:\Users\joe_b\AppData\Local\Yarn\bin;;C:\Users\joe_b\AppData\Local\Programs\Microsoft VS Code\bin;C:\Users\joe_b\go\bin;C:\Users\joe_b\AppData\Local\Programs\IPFS Desktop\resources\app.asar.unpacked\src\ipfs-on-path\scripts\bin-win;C:\Users\joe_b\AppData\Roaming\npm;C:\Users\joe_b\AppData\Local\Microsoft\WindowsApps;C:\Program Files\smartmontools\bin

Yarn version: 
  1.22.5

Node version: 
  16.13.0

Platform: 
  win32 x64

Trace: 
  Error: EPERM: operation not permitted, unlink 'C:\Users\joe_b\Documents\mom-work-site\new\node_modules\esbuild-windows-64\esbuild.exe'

npm manifest: 
  {
    "name": "vite-template-solid",
    "version": "0.0.0",
    "description": "",
    "scripts": {
      "start": "vite",
      "dev": "vite",
      "build": "vite build",
      "serve": "vite preview"
    },
    "license": "MIT",
    "devDependencies": {
      "vite": "^2.8.6",
      "vite-plugin-solid": "^2.2.6"
    },
    "dependencies": {
      "solid-js": "^1.3.13"
    }
  }

yarn manifest: 
  No manifest

Lockfile: 
  No lockfile
